@(#)$CDS: LVS version 6.1.3 05/19/2010 00:58 (cic612lnx) $

Command line: /usr/local/cadence/IC610/tools.lnx86/dfII/bin/32bit/LVS -dir /tmp/davidzGit/project/or/LVS -l -s -t /tmp/davidzGit/project/or/LVS/layout /tmp/davidzGit/project/or/LVS/schematic
Like matching is enabled.
Net swapping is enabled.
Using terminal names as correspondence points.
Compiling Diva LVS rules...

    Net-list summary for /tmp/davidzGit/project/or/LVS/layout/netlist
       count
	13		nets
	0		terminals
	3		pmos
	3		nmos

    Net-list summary for /tmp/davidzGit/project/or/LVS/schematic/netlist
       count
	7		nets
	5		terminals
	3		pmos
	3		nmos

Devices in the rules but not in the netlist:
        cap nfet pfet nmos4 pmos4


	Device summary for layout
		   bad  total
	nmos	     2      3


	Device summary for schematic
		   bad  total
	nmos	     2      3

2 net-list ambiguities were resolved by random selection.

The net-lists failed to match.

			     layout  schematic
				instances
	un-matched		2	2
	rewired			1	0
	size errors		0	0
	pruned			0	0
	active			6	6
	total			6	6

				  nets
	un-matched		8	3
	merged			1	0
	pruned			0	0
	active			13	7
	total			13	7

				terminals
	un-matched		0	0
	matched but
	different type		0	0
	total			0	5


Probe files from /tmp/davidzGit/project/or/LVS/schematic

devbad.out:
I /I0/M0
? Device does not cross-match.
I /I0/M1
? Device does not cross-match.

netbad.out:
N /net4
? Net does not cross-match. It has 4 connections.
N /vdd!
? Net does not cross-match. It has 4 connections.
N /gnd!
? Net does not cross-match. It has 4 connections.

mergenet.out:

termbad.out:

prunenet.out:

prunedev.out:

audit.out:


Probe files from /tmp/davidzGit/project/or/LVS/layout

devbad.out:
I /+0
? Device does not cross-match.
I /+1
? Device does not cross-match.

netbad.out:
N /8
? Net does not cross-match. It has 1 connections.
N /5
? Net does not cross-match. It has 1 connections.
N /3
? Net does not cross-match. It has 1 connections.
N /15
? Net does not cross-match. It has 2 connections.
N /6
? Net does not cross-match. It has 2 connections.
N /2
? Net does not cross-match. It has 2 connections.
N /4
? Net does not cross-match. It has 3 connections.
N /1
? Net does not cross-match. It has 3 connections.

mergenet.out:
N /9
? Net /9 merged with /1

termbad.out:
T /+2 B /2
? Terminal "B" on device /+2 should be connected to /6 instead of /2

prunenet.out:

prunedev.out:

audit.out:
