Virtuoso Framework License (111) was checked out successfully. Total checkout time was 0.05s.
ERROR (OSSSIM): None of the following licenses needed for auLvs could be checked out: Virtuoso_Layout_Suite_XL, Virtuoso_Layout_Suite_GXL( 4 tokens ).
ERROR (OSSSIM): Unable to check out license for OSS capability. Details follow:
ERROR (LMF-02018): License call failed for feature Virtuoso_Layout_Suite_XL, version 6.100 and quantity 1. The license server search path is defined as 5280@cadence.lic.mst.edu. The FLEXnet error message is as follows,
    FLEXnet ERROR(-18, 0, 0): License server system does not support this feature.

Run 'lic_error LMF-02018' for more information.
ERROR (OSSSIM): None of the following licenses needed for auLvs could be checked out: Virtuoso_Layout_Suite_XL, Virtuoso_Layout_Suite_GXL( 4 tokens ).
ERROR (OSSSIM): Unable to check out license for OSS capability. Details follow:
ERROR (LMF-02018): License call failed for feature Virtuoso_Layout_Suite_XL, version 6.100 and quantity 1. The license server search path is defined as 5280@cadence.lic.mst.edu. The FLEXnet error message is as follows,
    FLEXnet ERROR(-18, 0, 0): License server system does not support this feature.

Run 'lic_error LMF-02018' for more information.
ERROR (OSSSIM): None of the following licenses needed for auLvs could be checked out: Virtuoso_Layout_Suite_XL, Virtuoso_Layout_Suite_GXL( 4 tokens ).
ERROR (OSSSIM): Unable to check out license for OSS capability. Details follow:
ERROR (LMF-02018): License call failed for feature Virtuoso_Layout_Suite_XL, version 6.100 and quantity 1. The license server search path is defined as 5280@cadence.lic.mst.edu. The FLEXnet error message is as follows,
    FLEXnet ERROR(-18, 0, 0): License server system does not support this feature.

Run 'lic_error LMF-02018' for more information.
ERROR (OSSSIM): None of the following licenses needed for auLvs could be checked out: Virtuoso_Layout_Suite_XL, Virtuoso_Layout_Suite_GXL( 4 tokens ).
ERROR (OSSSIM): Unable to check out license for OSS capability. Details follow:
ERROR (LMF-02018): License call failed for feature Virtuoso_Layout_Suite_XL, version 6.100 and quantity 1. The license server search path is defined as 5280@cadence.lic.mst.edu. The FLEXnet error message is as follows,
    FLEXnet ERROR(-18, 0, 0): License server system does not support this feature.

Run 'lic_error LMF-02018' for more information.
ERROR (OSSSIM): None of the following licenses needed for auLvs could be checked out: Virtuoso_Layout_Suite_XL, Virtuoso_Layout_Suite_GXL( 4 tokens ).
ERROR (OSSSIM): Unable to check out license for OSS capability. Details follow:
ERROR (LMF-02018): License call failed for feature Virtuoso_Layout_Suite_XL, version 6.100 and quantity 1. The license server search path is defined as 5280@cadence.lic.mst.edu. The FLEXnet error message is as follows,
    FLEXnet ERROR(-18, 0, 0): License server system does not support this feature.

Run 'lic_error LMF-02018' for more information.
ERROR (OSSSIM): None of the following licenses needed for auLvs could be checked out: Virtuoso_Layout_Suite_XL, Virtuoso_Layout_Suite_GXL( 4 tokens ).
ERROR (OSSSIM): Unable to check out license for OSS capability. Details follow:
ERROR (LMF-02018): License call failed for feature Virtuoso_Layout_Suite_XL, version 6.100 and quantity 1. The license server search path is defined as 5280@cadence.lic.mst.edu. The FLEXnet error message is as follows,
    FLEXnet ERROR(-18, 0, 0): License server system does not support this feature.

Run 'lic_error LMF-02018' for more information.
ERROR (OSSSIM): None of the following licenses needed for auLvs could be checked out: Virtuoso_Layout_Suite_XL, Virtuoso_Layout_Suite_GXL( 4 tokens ).
ERROR (OSSSIM): Unable to check out license for OSS capability. Details follow:
ERROR (LMF-02018): License call failed for feature Virtuoso_Layout_Suite_XL, version 6.100 and quantity 1. The license server search path is defined as 5280@cadence.lic.mst.edu. The FLEXnet error message is as follows,
    FLEXnet ERROR(-18, 0, 0): License server system does not support this feature.

Run 'lic_error LMF-02018' for more information.
ERROR (OSSSIM): None of the following licenses needed for auLvs could be checked out: Virtuoso_Layout_Suite_XL, Virtuoso_Layout_Suite_GXL( 4 tokens ).
ERROR (OSSSIM): Unable to check out license for OSS capability. Details follow:
ERROR (LMF-02018): License call failed for feature Virtuoso_Layout_Suite_XL, version 6.100 and quantity 1. The license server search path is defined as 5280@cadence.lic.mst.edu. The FLEXnet error message is as follows,
    FLEXnet ERROR(-18, 0, 0): License server system does not support this feature.

Run 'lic_error LMF-02018' for more information.
ERROR (OSSSIM): None of the following licenses needed for auLvs could be checked out: Virtuoso_Layout_Suite_XL, Virtuoso_Layout_Suite_GXL( 4 tokens ).
ERROR (OSSSIM): Unable to check out license for OSS capability. Details follow:
ERROR (LMF-02018): License call failed for feature Virtuoso_Layout_Suite_XL, version 6.100 and quantity 1. The license server search path is defined as 5280@cadence.lic.mst.edu. The FLEXnet error message is as follows,
    FLEXnet ERROR(-18, 0, 0): License server system does not support this feature.

Run 'lic_error LMF-02018' for more information.
ERROR (OSSSIM): None of the following licenses needed for auLvs could be checked out: Virtuoso_Layout_Suite_XL, Virtuoso_Layout_Suite_GXL( 4 tokens ).
ERROR (OSSSIM): Unable to check out license for OSS capability. Details follow:
ERROR (LMF-02018): License call failed for feature Virtuoso_Layout_Suite_XL, version 6.100 and quantity 1. The license server search path is defined as 5280@cadence.lic.mst.edu. The FLEXnet error message is as follows,
    FLEXnet ERROR(-18, 0, 0): License server system does not support this feature.

Run 'lic_error LMF-02018' for more information.
ERROR (OSSSIM): None of the following licenses needed for auLvs could be checked out: Virtuoso_Layout_Suite_XL, Virtuoso_Layout_Suite_GXL( 4 tokens ).
ERROR (OSSSIM): Unable to check out license for OSS capability. Details follow:
ERROR (LMF-02018): License call failed for feature Virtuoso_Layout_Suite_XL, version 6.100 and quantity 1. The license server search path is defined as 5280@cadence.lic.mst.edu. The FLEXnet error message is as follows,
    FLEXnet ERROR(-18, 0, 0): License server system does not support this feature.

Run 'lic_error LMF-02018' for more information.


Your key validation has failed.
The Cadence capability 'se' will not run until this problem is resolved.
