@(#)$CDS: LVS version 6.1.3 05/19/2010 00:58 (cic612lnx) $

Command line: /usr/local/cadence/IC610/tools.lnx86/dfII/bin/32bit/LVS -dir /tmp/david/project/xnor/LVS -l -s -t /tmp/david/project/xnor/LVS/layout /tmp/david/project/xnor/LVS/schematic
Like matching is enabled.
Net swapping is enabled.
Using terminal names as correspondence points.
Compiling Diva LVS rules...

    Net-list summary for /tmp/david/project/xnor/LVS/layout/netlist
       count
	7		nets
	5		terminals
	4		pmos
	4		nmos

    Net-list summary for /tmp/david/project/xnor/LVS/schematic/netlist
       count
	7		nets
	5		terminals
	4		pmos
	4		nmos


    Terminal correspondence points
    N5        N4        A
    N4        N2        B
    N3        N3        F
    N2        N0        gnd!
    N6        N1        vdd!

Devices in the netlist but not in the rules:
        pcapacitor
Devices in the rules but not in the netlist:
        cap nfet pfet nmos4 pmos4

The net-lists match.

			     layout  schematic
				instances
	un-matched		0	0
	rewired			0	0
	size errors		0	0
	pruned			0	0
	active			8	8
	total			8	8

				  nets
	un-matched		0	0
	merged			0	0
	pruned			0	0
	active			7	7
	total			7	7

				terminals
	un-matched		0	0
	matched but
	different type		2	2
	total			5	5


Probe files from /tmp/david/project/xnor/LVS/schematic

devbad.out:

netbad.out:

mergenet.out:

termbad.out:
? Terminal A's type in the schematic: input, in the layout: inputOutput
? Terminal B's type in the schematic: input, in the layout: inputOutput

prunenet.out:

prunedev.out:

audit.out:


Probe files from /tmp/david/project/xnor/LVS/layout

devbad.out:

netbad.out:

mergenet.out:

termbad.out:
? Terminal A's type in the layout: inputOutput, in the schematic: input
? Terminal B's type in the layout: inputOutput, in the schematic: input

prunenet.out:

prunedev.out:

audit.out:
