@(#)$CDS: LVS version 6.1.3 05/19/2010 00:58 (cic612lnx) $

Command line: /usr/local/cadence/IC610/tools.lnx86/dfII/bin/32bit/LVS -dir /tmp/david/project/ALU/LVS -l -s -t /tmp/david/project/ALU/LVS/layout /tmp/david/project/ALU/LVS/schematic
Like matching is enabled.
Net swapping is enabled.
Using terminal names as correspondence points.
Compiling Diva LVS rules...

    Net-list summary for /tmp/david/project/ALU/LVS/layout/netlist
       count
	185		nets
	20		terminals
	216		pmos
	216		nmos

    Net-list summary for /tmp/david/project/ALU/LVS/schematic/netlist
       count
	185		nets
	20		terminals
	216		pmos
	216		nmos


    Terminal correspondence points
    N177      N15       A<0>
    N174      N14       A<1>
    N169      N13       A<2>
    N165      N12       A<3>
    N183      N2        B<0>
    N180      N9        B<1>
    N179      N21       B<2>
    N178      N20       B<3>
    N175      N3        Ci
    N173      N25       Co
    N171      N27       F<0>
    N167      N5        F<1>
    N184      N4        F<2>
    N181      N10       F<3>
    N170      N6        Op<0>
    N166      N7        Op<1>
    N182      N8        Op<2>
    N172      N11       V
    N168      N0        gnd!
    N176      N1        vdd!

Devices in the netlist but not in the rules:
        pcapacitor
Devices in the rules but not in the netlist:
        cap nfet pfet nmos4 pmos4

The net-lists match.

			     layout  schematic
				instances
	un-matched		0	0
	rewired			0	0
	size errors		0	0
	pruned			0	0
	active			432	432
	total			432	432

				  nets
	un-matched		0	0
	merged			0	0
	pruned			0	0
	active			185	185
	total			185	185

				terminals
	un-matched		0	0
	matched but
	different type		4	4
	total			20	20


Probe files from /tmp/david/project/ALU/LVS/schematic

devbad.out:

netbad.out:

mergenet.out:

termbad.out:
? Terminal F<0>'s type in the schematic: output, in the layout: jumper
? Terminal F<1>'s type in the schematic: output, in the layout: jumper
? Terminal F<2>'s type in the schematic: output, in the layout: jumper
? Terminal F<3>'s type in the schematic: output, in the layout: jumper

prunenet.out:

prunedev.out:

audit.out:


Probe files from /tmp/david/project/ALU/LVS/layout

devbad.out:

netbad.out:

mergenet.out:

termbad.out:
? Terminal F<0>'s type in the layout: jumper, in the schematic: output
? Terminal F<1>'s type in the layout: jumper, in the schematic: output
? Terminal F<2>'s type in the layout: jumper, in the schematic: output
? Terminal F<3>'s type in the layout: jumper, in the schematic: output

prunenet.out:

prunedev.out:

audit.out:
