@(#)$CDS: LVS version 6.1.3 05/19/2010 00:58 (cic612lnx) $

Command line: /usr/local/cadence/IC610/tools.lnx86/dfII/bin/32bit/LVS -dir /tmp/david/project/ALU_bot/LVS -l -s -t /tmp/david/project/ALU_bot/LVS/layout /tmp/david/project/ALU_bot/LVS/schematic
Like matching is enabled.
Net swapping is enabled.
Using terminal names as correspondence points.
Compiling Diva LVS rules...

    Net-list summary for /tmp/david/project/ALU_bot/LVS/layout/netlist
       count
	80		nets
	16		terminals
	88		pmos
	88		nmos

    Net-list summary for /tmp/david/project/ALU_bot/LVS/schematic/netlist
       count
	80		nets
	16		terminals
	88		pmos
	88		nmos


    Terminal correspondence points
    N72       N12       A<0>
    N71       N11       A<1>
    N68       N15       A<2>
    N64       N16       A<3>
    N78       N31       B<0>
    N76       N30       B<1>
    N75       N28       B<2>
    N74       N27       B<3>
    N70       N24       F<0>
    N66       N23       F<1>
    N79       N22       F<2>
    N77       N21       F<3>
    N69       N7        Op<0>
    N65       N8        Op<1>
    N67       N1        gnd!
    N73       N0        vdd!

Devices in the netlist but not in the rules:
        pcapacitor
Devices in the rules but not in the netlist:
        cap nfet pfet nmos4 pmos4

The net-lists match.

			     layout  schematic
				instances
	un-matched		0	0
	rewired			0	0
	size errors		0	0
	pruned			0	0
	active			176	176
	total			176	176

				  nets
	un-matched		0	0
	merged			0	0
	pruned			0	0
	active			80	80
	total			80	80

				terminals
	un-matched		0	0
	matched but
	different type		0	0
	total			16	16


Probe files from /tmp/david/project/ALU_bot/LVS/schematic

devbad.out:

netbad.out:

mergenet.out:

termbad.out:

prunenet.out:

prunedev.out:

audit.out:


Probe files from /tmp/david/project/ALU_bot/LVS/layout

devbad.out:

netbad.out:

mergenet.out:

termbad.out:

prunenet.out:

prunedev.out:

audit.out:
