@(#)$CDS: LVS version 6.1.3 05/19/2010 00:58 (cic612lnx) $

Command line: /usr/local/cadence/IC610/tools.lnx86/dfII/bin/32bit/LVS -dir /tmp/davidzGit/project/nor/LVS -l -s -t /tmp/davidzGit/project/nor/LVS/layout /tmp/davidzGit/project/nor/LVS/schematic
Like matching is enabled.
Net swapping is enabled.
Using terminal names as correspondence points.
Compiling Diva LVS rules...

    Net-list summary for /tmp/davidzGit/project/nor/LVS/layout/netlist
       count
	6		nets
	5		terminals
	2		pmos
	2		nmos

    Net-list summary for /tmp/davidzGit/project/nor/LVS/schematic/netlist
       count
	6		nets
	5		terminals
	2		pmos
	2		nmos


    Terminal correspondence points
    N4        N7        A
    N3        N5        B
    N2        N2        F
    N1        N1        gnd!
    N5        N0        vdd!

Devices in the rules but not in the netlist:
        cap nfet pfet nmos4 pmos4

The net-lists match.

			     layout  schematic
				instances
	un-matched		0	0
	rewired			0	0
	size errors		0	0
	pruned			0	0
	active			4	4
	total			4	4

				  nets
	un-matched		0	0
	merged			0	0
	pruned			0	0
	active			6	6
	total			6	6

				terminals
	un-matched		0	0
	matched but
	different type		0	0
	total			5	5


Probe files from /tmp/davidzGit/project/nor/LVS/schematic

devbad.out:

netbad.out:

mergenet.out:

termbad.out:

prunenet.out:

prunedev.out:

audit.out:


Probe files from /tmp/davidzGit/project/nor/LVS/layout

devbad.out:

netbad.out:

mergenet.out:

termbad.out:

prunenet.out:

prunedev.out:

audit.out:
