@(#)$CDS: LVS version 6.1.3 05/19/2010 00:58 (cic612lnx) $

Command line: /usr/local/cadence/IC610/tools.lnx86/dfII/bin/32bit/LVS -dir /tmp/davidzGit/project/xor/LVS -l -s -t /tmp/davidzGit/project/xor/LVS/layout /tmp/davidzGit/project/xor/LVS/schematic
Like matching is enabled.
Net swapping is enabled.
Using terminal names as correspondence points.
Compiling Diva LVS rules...

    Net-list summary for /tmp/davidzGit/project/xor/LVS/layout/netlist
       count
	15		nets
	5		terminals
	11		pmos
	11		nmos

    Net-list summary for /tmp/davidzGit/project/xor/LVS/schematic/netlist
       count
	15		nets
	5		terminals
	11		pmos
	11		nmos


    Terminal correspondence points
    N13       N6        A
    N12       N7        B
    N11       N3        F
    N10       N1        gnd!
    N14       N0        vdd!

Devices in the netlist but not in the rules:
        pcapacitor
Devices in the rules but not in the netlist:
        cap nfet pfet nmos4 pmos4

The net-lists match.

			     layout  schematic
				instances
	un-matched		0	0
	rewired			0	0
	size errors		0	0
	pruned			0	0
	active			22	22
	total			22	22

				  nets
	un-matched		0	0
	merged			0	0
	pruned			0	0
	active			15	15
	total			15	15

				terminals
	un-matched		0	0
	matched but
	different type		0	0
	total			5	5


Probe files from /tmp/davidzGit/project/xor/LVS/schematic

devbad.out:

netbad.out:

mergenet.out:

termbad.out:

prunenet.out:

prunedev.out:

audit.out:


Probe files from /tmp/davidzGit/project/xor/LVS/layout

devbad.out:

netbad.out:

mergenet.out:

termbad.out:

prunenet.out:

prunedev.out:

audit.out:
