@(#)$CDS: LVS version 6.1.3 05/19/2010 00:58 (cic612lnx) $

Command line: /usr/local/cadence/IC610/tools.lnx86/dfII/bin/32bit/LVS -dir /tmp/davidzGit/project/4b_xnor/LVS -l -s -t /tmp/davidzGit/project/4b_xnor/LVS/layout /tmp/davidzGit/project/4b_xnor/LVS/schematic
Like matching is enabled.
Net swapping is enabled.
Using terminal names as correspondence points.
Compiling Diva LVS rules...

    Net-list summary for /tmp/davidzGit/project/4b_xnor/LVS/layout/netlist
       count
	58		nets
	14		terminals
	48		pmos
	48		nmos

    Net-list summary for /tmp/davidzGit/project/4b_xnor/LVS/schematic/netlist
       count
	58		nets
	14		terminals
	48		pmos
	48		nmos


    Terminal correspondence points
    N50       N2        A<0>
    N49       N3        A<1>
    N47       N4        A<2>
    N44       N5        A<3>
    N56       N6        B<0>
    N54       N7        B<1>
    N53       N8        B<2>
    N52       N9        B<3>
    N48       N10       F<0>
    N45       N11       F<1>
    N57       N12       F<2>
    N55       N13       F<3>
    N46       N0        gnd!
    N51       N1        vdd!

Devices in the netlist but not in the rules:
        pcapacitor
Devices in the rules but not in the netlist:
        cap nfet pfet nmos4 pmos4

The net-lists match.

			     layout  schematic
				instances
	un-matched		0	0
	rewired			0	0
	size errors		0	0
	pruned			0	0
	active			96	96
	total			96	96

				  nets
	un-matched		0	0
	merged			0	0
	pruned			0	0
	active			58	58
	total			58	58

				terminals
	un-matched		0	0
	matched but
	different type		0	0
	total			14	14


Probe files from /tmp/davidzGit/project/4b_xnor/LVS/schematic

devbad.out:

netbad.out:

mergenet.out:

termbad.out:

prunenet.out:

prunedev.out:

audit.out:


Probe files from /tmp/davidzGit/project/4b_xnor/LVS/layout

devbad.out:

netbad.out:

mergenet.out:

termbad.out:

prunenet.out:

prunedev.out:

audit.out:
