@(#)$CDS: LVS version 6.1.3 05/19/2010 00:58 (cic612lnx) $

Command line: /usr/local/cadence/IC610/tools.lnx86/dfII/bin/32bit/LVS -dir /tmp/rebecca/project/4b_2to1_mux/LVS -l -s -t /tmp/rebecca/project/4b_2to1_mux/LVS/layout /tmp/rebecca/project/4b_2to1_mux/LVS/schematic
Like matching is enabled.
Net swapping is enabled.
Using terminal names as correspondence points.
Compiling Diva LVS rules...

    Net-list summary for /tmp/rebecca/project/4b_2to1_mux/LVS/layout/netlist
       count
	19		nets
	15		terminals
	12		pmos
	12		nmos

    Net-list summary for /tmp/rebecca/project/4b_2to1_mux/LVS/schematic/netlist
       count
	19		nets
	15		terminals
	12		pmos
	12		nmos


    Terminal correspondence points
    N12       N7        A<0>
    N10       N14       A<1>
    N7        N13       A<2>
    N4        N12       A<3>
    N18       N5        B<0>
    N15       N11       B<1>
    N14       N4        B<2>
    N13       N10       B<3>
    N8        N9        F<0>
    N5        N8        F<1>
    N17       N6        F<2>
    N16       N3        F<3>
    N9        N2        S
    N6        N0        gnd!
    N11       N1        vdd!

Devices in the netlist but not in the rules:
        pcapacitor
Devices in the rules but not in the netlist:
        cap nfet pfet nmos4 pmos4

The net-lists match.

			     layout  schematic
				instances
	un-matched		0	0
	rewired			0	0
	size errors		0	0
	pruned			0	0
	active			24	24
	total			24	24

				  nets
	un-matched		0	0
	merged			0	0
	pruned			0	0
	active			19	19
	total			19	19

				terminals
	un-matched		0	0
	matched but
	different type		0	0
	total			15	15


Probe files from /tmp/rebecca/project/4b_2to1_mux/LVS/schematic

devbad.out:

netbad.out:

mergenet.out:

termbad.out:

prunenet.out:

prunedev.out:

audit.out:


Probe files from /tmp/rebecca/project/4b_2to1_mux/LVS/layout

devbad.out:

netbad.out:

mergenet.out:

termbad.out:

prunenet.out:

prunedev.out:

audit.out:
