@(#)$CDS: LVS version 6.1.3 05/19/2010 00:58 (cic612lnx) $

Command line: /usr/local/cadence/IC610/tools.lnx86/dfII/bin/32bit/LVS -dir /tmp/davidzGit/project/1b_fullAdder/LVS -l -s -t /tmp/davidzGit/project/1b_fullAdder/LVS/layout /tmp/davidzGit/project/1b_fullAdder/LVS/schematic
Like matching is enabled.
Net swapping is enabled.
Using terminal names as correspondence points.
Compiling Diva LVS rules...

    Net-list summary for /tmp/davidzGit/project/1b_fullAdder/LVS/layout/netlist
       count
	36		nets
	5		terminals
	31		pmos
	31		nmos

    Net-list summary for /tmp/davidzGit/project/1b_fullAdder/LVS/schematic/netlist
       count
	36		nets
	7		terminals
	31		pmos
	31		nmos


    Terminal correspondence points
    N35       N2        A
    N34       N9        B
    N33       N4        Ci
    N32       N6        Co
    N31       N8        S

Devices in the netlist but not in the rules:
        pcapacitor
Devices in the rules but not in the netlist:
        cap nfet pfet nmos4 pmos4

The net-lists match.

			     layout  schematic
				instances
	un-matched		0	0
	rewired			0	0
	size errors		0	0
	pruned			0	0
	active			62	62
	total			62	62

				  nets
	un-matched		0	0
	merged			0	0
	pruned			0	0
	active			36	36
	total			36	36

				terminals
	un-matched		0	0
	matched but
	different type		0	0
	total			5	7


Probe files from /tmp/davidzGit/project/1b_fullAdder/LVS/schematic

devbad.out:

netbad.out:

mergenet.out:

termbad.out:

prunenet.out:

prunedev.out:

audit.out:


Probe files from /tmp/davidzGit/project/1b_fullAdder/LVS/layout

devbad.out:

netbad.out:

mergenet.out:

termbad.out:

prunenet.out:

prunedev.out:

audit.out:
