Virtuoso Framework License (111) was checked out successfully. Total checkout time was 0.05s.

Running simulation in directory: "/tmp/CadenceProject/project/4b_adder_subtractor/LVS".

*WARNING* (loadContext): could not restore method, undefined generic _parModeOnPreSimOp _mspsModeExt

*WARNING* (loadContext): could not restore method, undefined generic _parModeOnExit _mspsModeExt

*WARNING* (loadContext): could not restore method, undefined generic _parModeOnEntry _mspsModeExt

*WARNING* (loadContext): could not restore method, undefined generic _parModeSetup _mspsModeExt

*WARNING* (loadContext): could not restore method, undefined generic _parModeSetParView _mspsModeExt

*WARNING* (loadContext): could not restore method, undefined generic _parModeSetSchView _mspsModeExt

*WARNING* (loadContext): could not restore method, undefined generic _parModeGetParView _mspsModeExt

*WARNING* (loadContext): could not restore method, undefined generic _parModeGetSchView _mspsModeExt

*WARNING* (loadContext): could not restore method, undefined generic _parModeBuildParViewHelp _mspsModeExt

*WARNING* (loadContext): could not restore method, undefined generic _parModeBuildParView _mspsModeExt

*WARNING* (loadContext): could not restore method, undefined generic _parModeUpdateParView _mspsModeSchEst

*WARNING* (loadContext): could not restore method, undefined generic _parModeBuildEst _mspsModeSchEst

*WARNING* (loadContext): could not restore method, undefined generic _parModeSetup _mspsModeSchEst

*WARNING* (loadContext): could not restore method, undefined generic _parModeSetParView _mspsModeSchEst

*WARNING* (loadContext): could not restore method, undefined generic _parModeSetSchView _mspsModeSchEst

*WARNING* (loadContext): could not restore method, undefined generic _parModeGetParView _mspsModeSchEst

*WARNING* (loadContext): could not restore method, undefined generic _parModeGetSchView _mspsModeSchEst

*WARNING* (loadContext): could not restore method, undefined generic _parEstBuildViewName _mspsEstBuild

*WARNING* (loadContext): could not restore method, undefined generic _parEstBuildCellName _mspsEstBuild

*WARNING* (loadContext): could not restore method, undefined generic _parEstBuildLibName _mspsEstBuild

*WARNING* (loadContext): could not restore method, undefined generic _parMsgReport _mspsMsgReporter



Begin netlist:    Dec  6 01:27:36 2013
	view name list	= ("auLvs" "extracted" "schematic")
	stop name list	= ("auLvs")
	library name	= "project"
	cell name	= "4b_adder_subtractor"
	view name	= "extracted"
	globals lib	= "basic"
Running Artist Flat Netlisting ...
*WARNING* Parameter 'lxUseCell' already exists.
End netlist:    Dec  6 01:27:36 2013

Moving original netlist to extNetlist
Removing parasitic components from netlist
	presistors removed:  0
	pcapacitors removed: 0
	pinductors removed:  0
	pdiodes removed:     0
	trans lines removed: 0
	77 nodes merged into 77 nodes


Begin netlist:    Dec  6 01:27:36 2013
	view name list	= ("auLvs" "schematic")
	stop name list	= ("auLvs")
	library name	= "project"
	cell name	= "4b_adder_subtractor"
	view name	= "schematic"
	globals lib	= "basic"
Running Artist Flat Netlisting ...
*WARNING* Parameter 'lxUseCell' already exists.
End netlist:    Dec  6 01:27:36 2013

Moving original netlist to extNetlist
Removing parasitic components from netlist
	presistors removed:  0
	pcapacitors removed: 0
	pinductors removed:  0
	pdiodes removed:     0
	trans lines removed: 0
	265 nodes merged into 265 nodes

Running netlist comparison program:  LVS
Begin comparison:    Dec  6 01:27:36 2013
@(#)$CDS: LVS version 6.1.3 05/19/2010 00:58 (cic612lnx) $

The net-lists failed to match.

			     layout  schematic
				instances
	un-matched		1	1
	rewired			15	0
	size errors		0	0
	pruned			0	0
	active			156	156
	total			156	156

				  nets
	un-matched		2	2
	merged			0	0
	pruned			0	0
	active			77	77
	total			77	77

				terminals
	un-matched		1	1
	matched but
	different type		0	0
	total			18	18
End comparison:      Dec  6 01:27:36 2013


Comparison program completed successfully.
