@(#)$CDS: LVS version 6.1.3 05/19/2010 00:58 (cic612lnx) $

Command line: /usr/local/cadence/IC610/tools.lnx86/dfII/bin/32bit/LVS -dir /tmp/david/project/4b_adder_subtractor/LVS -l -s -t /tmp/david/project/4b_adder_subtractor/LVS/layout /tmp/david/project/4b_adder_subtractor/LVS/schematic
Like matching is enabled.
Net swapping is enabled.
Using terminal names as correspondence points.
Compiling Diva LVS rules...

    Net-list summary for /tmp/david/project/4b_adder_subtractor/LVS/layout/netlist
       count
	77		nets
	18		terminals
	78		pmos
	78		nmos

    Net-list summary for /tmp/david/project/4b_adder_subtractor/LVS/schematic/netlist
       count
	77		nets
	18		terminals
	78		pmos
	78		nmos


    Terminal correspondence points
    N70       N7        A<0>
    N67       N6        A<1>
    N62       N8        A<2>
    N59       N9        A<3>
    N76       N10       B<0>
    N75       N11       B<1>
    N74       N12       B<2>
    N73       N13       B<3>
    N69       N5        Ci
    N66       N4        Co
    N72       N14       S<0>
    N68       N15       S<1>
    N64       N16       S<2>
    N61       N17       S<3>
    N65       N3        V
    N60       N0        gnd!
    N63       N21       op
    N71       N1        vdd!

Devices in the netlist but not in the rules:
        pcapacitor
Devices in the rules but not in the netlist:
        cap nfet pfet nmos4 pmos4

The net-lists match.

			     layout  schematic
				instances
	un-matched		0	0
	rewired			0	0
	size errors		0	0
	pruned			0	0
	active			156	156
	total			156	156

				  nets
	un-matched		0	0
	merged			0	0
	pruned			0	0
	active			77	77
	total			77	77

				terminals
	un-matched		0	0
	matched but
	different type		0	0
	total			18	18


Probe files from /tmp/david/project/4b_adder_subtractor/LVS/schematic

devbad.out:

netbad.out:

mergenet.out:

termbad.out:

prunenet.out:

prunedev.out:

audit.out:


Probe files from /tmp/david/project/4b_adder_subtractor/LVS/layout

devbad.out:

netbad.out:

mergenet.out:

termbad.out:

prunenet.out:

prunedev.out:

audit.out:
