@(#)$CDS: LVS version 6.1.3 05/19/2010 00:58 (cic612lnx) $

Command line: /usr/local/cadence/IC610/tools.lnx86/dfII/bin/32bit/LVS -dir /tmp/david/project/cmos_inv/LVS -l -s -t /tmp/david/project/cmos_inv/LVS/layout /tmp/david/project/cmos_inv/LVS/schematic
Like matching is enabled.
Net swapping is enabled.
Using terminal names as correspondence points.
Compiling Diva LVS rules...

    Net-list summary for /tmp/david/project/cmos_inv/LVS/layout/netlist
       count
	4		nets
	4		terminals
	1		pmos
	1		nmos

    Net-list summary for /tmp/david/project/cmos_inv/LVS/schematic/netlist
       count
	4		nets
	4		terminals
	1		pmos
	1		nmos


    Terminal correspondence points
    N1        N2        Vin
    N3        N4        Vout
    N0        N0        gnd!
    N2        N1        vdd!

Devices in the netlist but not in the rules:
        pcapacitor
Devices in the rules but not in the netlist:
        cap nfet pfet nmos4 pmos4

The net-lists match.

			     layout  schematic
				instances
	un-matched		0	0
	rewired			0	0
	size errors		0	0
	pruned			0	0
	active			2	2
	total			2	2

				  nets
	un-matched		0	0
	merged			0	0
	pruned			0	0
	active			4	4
	total			4	4

				terminals
	un-matched		0	0
	matched but
	different type		0	0
	total			4	4


Probe files from /tmp/david/project/cmos_inv/LVS/schematic

devbad.out:

netbad.out:

mergenet.out:

termbad.out:

prunenet.out:

prunedev.out:

audit.out:


Probe files from /tmp/david/project/cmos_inv/LVS/layout

devbad.out:

netbad.out:

mergenet.out:

termbad.out:

prunenet.out:

prunedev.out:

audit.out:
