@(#)$CDS: LVS version 6.1.3 05/19/2010 00:58 (cic612lnx) $

Command line: /usr/local/cadence/IC610/tools.lnx86/dfII/bin/32bit/LVS -dir /tmp/david/project/4bit_xor/LVS -l -s -t /tmp/david/project/4bit_xor/LVS/layout /tmp/david/project/4bit_xor/LVS/schematic
Like matching is enabled.
Net swapping is enabled.
Using terminal names as correspondence points.
Compiling Diva LVS rules...

    Net-list summary for /tmp/david/project/4bit_xor/LVS/layout/netlist
       count
	18		nets
	14		terminals
	12		pmos
	12		nmos

    Net-list summary for /tmp/david/project/4bit_xor/LVS/schematic/netlist
       count
	18		nets
	14		terminals
	12		pmos
	12		nmos


    Terminal correspondence points
    N10       N7        A<0>
    N9        N6        A<1>
    N7        N8        A<2>
    N4        N9        A<3>
    N16       N2        B<0>
    N14       N3        B<1>
    N13       N4        B<2>
    N12       N5        B<3>
    N8        N13       F<0>
    N5        N12       F<1>
    N17       N11       F<2>
    N15       N10       F<3>
    N6        N0        gnd!
    N11       N1        vdd!

Devices in the netlist but not in the rules:
        pcapacitor
Devices in the rules but not in the netlist:
        cap nfet pfet nmos4 pmos4

The net-lists match.

			     layout  schematic
				instances
	un-matched		0	0
	rewired			0	0
	size errors		0	0
	pruned			0	0
	active			24	24
	total			24	24

				  nets
	un-matched		0	0
	merged			0	0
	pruned			0	0
	active			18	18
	total			18	18

				terminals
	un-matched		0	0
	matched but
	different type		0	0
	total			14	14


Probe files from /tmp/david/project/4bit_xor/LVS/schematic

devbad.out:

netbad.out:

mergenet.out:

termbad.out:

prunenet.out:

prunedev.out:

audit.out:


Probe files from /tmp/david/project/4bit_xor/LVS/layout

devbad.out:

netbad.out:

mergenet.out:

termbad.out:

prunenet.out:

prunedev.out:

audit.out:
