@(#)$CDS: LVS version 6.1.3 05/19/2010 00:58 (cic612lnx) $

Command line: /usr/local/cadence/IC610/tools.lnx86/dfII/bin/32bit/LVS -dir /tmp/david/project/4b_4to1_mux/LVS -l -s -t /tmp/david/project/4b_4to1_mux/LVS/layout /tmp/david/project/4b_4to1_mux/LVS/schematic
Like matching is enabled.
Net swapping is enabled.
Using terminal names as correspondence points.
Compiling Diva LVS rules...

    Net-list summary for /tmp/david/project/4b_4to1_mux/LVS/layout/netlist
       count
	44		nets
	24		terminals
	36		pmos
	36		nmos

    Net-list summary for /tmp/david/project/4b_4to1_mux/LVS/schematic/netlist
       count
	44		nets
	24		terminals
	36		pmos
	36		nmos


    Terminal correspondence points
    N31       N21       A<0>
    N27       N17       A<1>
    N25       N13       A<2>
    N20       N9        A<3>
    N42       N20       B<0>
    N38       N16       B<1>
    N37       N12       B<2>
    N35       N8        B<3>
    N34       N19       C<0>
    N30       N15       C<1>
    N28       N11       C<2>
    N24       N7        C<3>
    N21       N18       D<0>
    N41       N14       D<1>
    N39       N10       D<2>
    N36       N6        D<3>
    N26       N5        F<0>
    N22       N4        F<1>
    N43       N3        F<2>
    N40       N2        F<3>
    N33       N23       S<0>
    N29       N22       S<1>
    N23       N0        gnd!
    N32       N1        vdd!

Devices in the rules but not in the netlist:
        cap nfet pfet nmos4 pmos4

The net-lists match.

			     layout  schematic
				instances
	un-matched		0	0
	rewired			0	0
	size errors		0	0
	pruned			0	0
	active			72	72
	total			72	72

				  nets
	un-matched		0	0
	merged			0	0
	pruned			0	0
	active			44	44
	total			44	44

				terminals
	un-matched		0	0
	matched but
	different type		0	0
	total			24	24


Probe files from /tmp/david/project/4b_4to1_mux/LVS/schematic

devbad.out:

netbad.out:

mergenet.out:

termbad.out:

prunenet.out:

prunedev.out:

audit.out:


Probe files from /tmp/david/project/4b_4to1_mux/LVS/layout

devbad.out:

netbad.out:

mergenet.out:

termbad.out:

prunenet.out:

prunedev.out:

audit.out:
