@(#)$CDS: LVS version 6.1.3 05/19/2010 00:58 (cic612lnx) $

Command line: /usr/local/cadence/IC610/tools.lnx86/dfII/bin/32bit/LVS -dir /tmp/rebecca/project/1b_4to1_mux/LVS -l -s -t /tmp/rebecca/project/1b_4to1_mux/LVS/layout /tmp/rebecca/project/1b_4to1_mux/LVS/schematic
Like matching is enabled.
Net swapping is enabled.
Using terminal names as correspondence points.
Compiling Diva LVS rules...

    Net-list summary for /tmp/rebecca/project/1b_4to1_mux/LVS/layout/netlist
       count
	14		nets
	9		terminals
	9		pmos
	9		nmos

    Net-list summary for /tmp/rebecca/project/1b_4to1_mux/LVS/schematic/netlist
       count
	14		nets
	9		terminals
	9		pmos
	9		nmos


    Terminal correspondence points
    N11       N3        A
    N10       N5        B
    N9        N2        C
    N8        N9        D
    N7        N10       F
    N13       N7        S<0>
    N6        N6        S<1>
    N5        N0        gnd!
    N12       N1        vdd!

Devices in the netlist but not in the rules:
        pcapacitor
Devices in the rules but not in the netlist:
        cap nfet pfet nmos4 pmos4

The net-lists match.

			     layout  schematic
				instances
	un-matched		0	0
	rewired			0	0
	size errors		0	0
	pruned			0	0
	active			18	18
	total			18	18

				  nets
	un-matched		0	0
	merged			0	0
	pruned			0	0
	active			14	14
	total			14	14

				terminals
	un-matched		0	0
	matched but
	different type		0	0
	total			9	9


Probe files from /tmp/rebecca/project/1b_4to1_mux/LVS/schematic

devbad.out:

netbad.out:

mergenet.out:

termbad.out:

prunenet.out:

prunedev.out:

audit.out:


Probe files from /tmp/rebecca/project/1b_4to1_mux/LVS/layout

devbad.out:

netbad.out:

mergenet.out:

termbad.out:

prunenet.out:

prunedev.out:

audit.out:
